# JRE version: OpenJDK Runtime Environment (8.0_242-b01) (build 1.8.0_242-release-1644-b01)
# Java VM: OpenJDK 64-Bit Server VM (25.242-b01 mixed mode windows-amd64 compressed oops)
Heap:
 PSYoungGen      total 222208K, used 74125K [0x00000000d5580000, 0x00000000e7380000, 0x0000000100000000)
  eden space 203264K, 27% used [0x00000000d5580000,0x00000000d8c7a768,0x00000000e1c00000)
  from space 18944K, 94% used [0x00000000e1c00000,0x00000000e2d69050,0x00000000e2e80000)
  to   space 20480K, 0% used [0x00000000e5f80000,0x00000000e5f80000,0x00000000e7380000)
 ParOldGen       total 141312K, used 30456K [0x0000000080000000, 0x0000000088a00000, 0x00000000d5580000)
  object space 141312K, 21% used [0x0000000080000000,0x0000000081dbe270,0x0000000088a00000)
 Metaspace       used 64670K, capacity 68052K, committed 68248K, reserved 1107968K
  class space    used 8945K, capacity 9565K, committed 9648K, reserved 1048576K
GC Heap History (10 events):
Event: 11.658 GC heap before
{Heap before GC invocations=10 (full 2):
 PSYoungGen      total 117248K, used 105472K [0x00000000d5580000, 0x00000000e1500000, 0x0000000100000000)
  eden space 105472K, 100% used [0x00000000d5580000,0x00000000dbc80000,0x00000000dbc80000)
  from space 11776K, 0% used [0x00000000dbc80000,0x00000000dbc80000,0x00000000dc800000)
  to   space 11776K, 0% used [0x00000000e0980000,0x00000000e0980000,0x00000000e1500000)
 ParOldGen       total 141312K, used 14406K [0x0000000080000000, 0x0000000088a00000, 0x00000000d5580000)
  object space 141312K, 10% used [0x0000000080000000,0x0000000080e11858,0x0000000088a00000)
 Metaspace       used 38048K, capacity 39742K, committed 39976K, reserved 1083392K
  class space    used 5250K, capacity 5589K, committed 5680K, reserved 1048576K
Event: 11.664 GC heap after
Heap after GC invocations=10 (full 2):
 PSYoungGen      total 167424K, used 7893K [0x00000000d5580000, 0x00000000e1180000, 0x0000000100000000)
  eden space 159232K, 0% used [0x00000000d5580000,0x00000000d5580000,0x00000000df100000)
  from space 8192K, 96% used [0x00000000e0980000,0x00000000e1135550,0x00000000e1180000)
  to   space 11264K, 0% used [0x00000000dfb80000,0x00000000dfb80000,0x00000000e0680000)
 ParOldGen       total 141312K, used 14414K [0x0000000080000000, 0x0000000088a00000, 0x00000000d5580000)
  object space 141312K, 10% used [0x0000000080000000,0x0000000080e13858,0x0000000088a00000)
 Metaspace       used 38048K, capacity 39742K, committed 39976K, reserved 1083392K
  class space    used 5250K, capacity 5589K, committed 5680K, reserved 1048576K
}
Event: 14.851 GC heap before
{Heap before GC invocations=11 (full 2):
 PSYoungGen      total 167424K, used 167125K [0x00000000d5580000, 0x00000000e1180000, 0x0000000100000000)
  eden space 159232K, 100% used [0x00000000d5580000,0x00000000df100000,0x00000000df100000)
  from space 8192K, 96% used [0x00000000e0980000,0x00000000e1135550,0x00000000e1180000)
  to   space 11264K, 0% used [0x00000000dfb80000,0x00000000dfb80000,0x00000000e0680000)
 ParOldGen       total 141312K, used 14414K [0x0000000080000000, 0x0000000088a00000, 0x00000000d5580000)
  object space 141312K, 10% used [0x0000000080000000,0x0000000080e13858,0x0000000088a00000)
 Metaspace       used 53508K, capacity 55760K, committed 55848K, reserved 1097728K
  class space    used 7250K, capacity 7722K, committed 7728K, reserved 1048576K
Event: 14.870 GC heap after
Heap after GC invocations=11 (full 2):
 PSYoungGen      total 181248K, used 11236K [0x00000000d5580000, 0x00000000e3f80000, 0x0000000100000000)
  eden space 169984K, 0% used [0x00000000d5580000,0x00000000d5580000,0x00000000dfb80000)
  from space 11264K, 99% used [0x00000000dfb80000,0x00000000e0679310,0x00000000e0680000)
  to   space 17408K, 0% used [0x00000000e2e80000,0x00000000e2e80000,0x00000000e3f80000)
 ParOldGen       total 141312K, used 28008K [0x0000000080000000, 0x0000000088a00000, 0x00000000d5580000)
  object space 141312K, 19% used [0x0000000080000000,0x0000000081b5a318,0x0000000088a00000)
 Metaspace       used 53508K, capacity 55760K, committed 55848K, reserved 1097728K
  class space    used 7250K, capacity 7722K, committed 7728K, reserved 1048576K
}
Event: 15.416 GC heap before
{Heap before GC invocations=12 (full 2):
 PSYoungGen      total 181248K, used 51284K [0x00000000d5580000, 0x00000000e3f80000, 0x0000000100000000)
  eden space 169984K, 23% used [0x00000000d5580000,0x00000000d7c9bd28,0x00000000dfb80000)
  from space 11264K, 99% used [0x00000000dfb80000,0x00000000e0679310,0x00000000e0680000)
  to   space 17408K, 0% used [0x00000000e2e80000,0x00000000e2e80000,0x00000000e3f80000)
 ParOldGen       total 141312K, used 28008K [0x0000000080000000, 0x0000000088a00000, 0x00000000d5580000)
  object space 141312K, 19% used [0x0000000080000000,0x0000000081b5a318,0x0000000088a00000)
 Metaspace       used 56501K, capacity 58970K, committed 59160K, reserved 1099776K
  class space    used 7741K, capacity 8216K, committed 8240K, reserved 1048576K
Event: 15.429 GC heap after
Heap after GC invocations=12 (full 2):
 PSYoungGen      total 220672K, used 15173K [0x00000000d5580000, 0x00000000e5600000, 0x0000000100000000)
  eden space 203264K, 0% used [0x00000000d5580000,0x00000000d5580000,0x00000000e1c00000)
  from space 17408K, 87% used [0x00000000e2e80000,0x00000000e3d514d0,0x00000000e3f80000)
  to   space 18944K, 0% used [0x00000000e1c00000,0x00000000e1c00000,0x00000000e2e80000)
 ParOldGen       total 141312K, used 28016K [0x0000000080000000, 0x0000000088a00000, 0x00000000d5580000)
  object space 141312K, 19% used [0x0000000080000000,0x0000000081b5c318,0x0000000088a00000)
 Metaspace       used 56501K, capacity 58970K, committed 59160K, reserved 1099776K
  class space    used 7741K, capacity 8216K, committed 8240K, reserved 1048576K
}
Event: 15.429 GC heap before
{Heap before GC invocations=13 (full 3):
 PSYoungGen      total 220672K, used 15173K [0x00000000d5580000, 0x00000000e5600000, 0x0000000100000000)
  eden space 203264K, 0% used [0x00000000d5580000,0x00000000d5580000,0x00000000e1c00000)
  from space 17408K, 87% used [0x00000000e2e80000,0x00000000e3d514d0,0x00000000e3f80000)
  to   space 18944K, 0% used [0x00000000e1c00000,0x00000000e1c00000,0x00000000e2e80000)
 ParOldGen       total 141312K, used 28016K [0x0000000080000000, 0x0000000088a00000, 0x00000000d5580000)
  object space 141312K, 19% used [0x0000000080000000,0x0000000081b5c318,0x0000000088a00000)
 Metaspace       used 56501K, capacity 58970K, committed 59160K, reserved 1099776K
  class space    used 7741K, capacity 8216K, committed 8240K, reserved 1048576K
Event: 15.616 GC heap after
Heap after GC invocations=13 (full 3):
 PSYoungGen      total 220672K, used 0K [0x00000000d5580000, 0x00000000e5600000, 0x0000000100000000)
  eden space 203264K, 0% used [0x00000000d5580000,0x00000000d5580000,0x00000000e1c00000)
  from space 17408K, 0% used [0x00000000e2e80000,0x00000000e2e80000,0x00000000e3f80000)
  to   space 18944K, 0% used [0x00000000e1c00000,0x00000000e1c00000,0x00000000e2e80000)
 ParOldGen       total 141312K, used 30448K [0x0000000080000000, 0x0000000088a00000, 0x00000000d5580000)
  object space 141312K, 21% used [0x0000000080000000,0x0000000081dbc270,0x0000000088a00000)
 Metaspace       used 56466K, capacity 58850K, committed 59160K, reserved 1099776K
  class space    used 7730K, capacity 8196K, committed 8240K, reserved 1048576K
}
Event: 19.507 GC heap before
{Heap before GC invocations=14 (full 3):
 PSYoungGen      total 220672K, used 203264K [0x00000000d5580000, 0x00000000e5600000, 0x0000000100000000)
  eden space 203264K, 100% used [0x00000000d5580000,0x00000000e1c00000,0x00000000e1c00000)
  from space 17408K, 0% used [0x00000000e2e80000,0x00000000e2e80000,0x00000000e3f80000)
  to   space 18944K, 0% used [0x00000000e1c00000,0x00000000e1c00000,0x00000000e2e80000)
 ParOldGen       total 141312K, used 30448K [0x0000000080000000, 0x0000000088a00000, 0x00000000d5580000)
  object space 141312K, 21% used [0x0000000080000000,0x0000000081dbc270,0x0000000088a00000)
 Metaspace       used 63506K, capacity 66642K, committed 66968K, reserved 1107968K
  class space    used 8760K, capacity 9302K, committed 9392K, reserved 1048576K
Event: 19.527 GC heap after
Heap after GC invocations=14 (full 3):
 PSYoungGen      total 222208K, used 17828K [0x00000000d5580000, 0x00000000e7380000, 0x0000000100000000)
  eden space 203264K, 0% used [0x00000000d5580000,0x00000000d5580000,0x00000000e1c00000)
  from space 18944K, 94% used [0x00000000e1c00000,0x00000000e2d69050,0x00000000e2e80000)
  to   space 20480K, 0% used [0x00000000e5f80000,0x00000000e5f80000,0x00000000e7380000)
 ParOldGen       total 141312K, used 30456K [0x0000000080000000, 0x0000000088a00000, 0x00000000d5580000)
  object space 141312K, 21% used [0x0000000080000000,0x0000000081dbe270,0x0000000088a00000)
 Metaspace       used 63506K, capacity 66642K, committed 66968K, reserved 1107968K
  class space    used 8760K, capacity 9302K, committed 9392K, reserved 1048576K
}

