# JRE version: OpenJDK Runtime Environment (8.0_242-b01) (build 1.8.0_242-release-1644-b01)
# Java VM: OpenJDK 64-Bit Server VM (25.242-b01 mixed mode windows-amd64 compressed oops)
Heap:
 PSYoungGen      total 422912K, used 319636K [0x00000000d5580000, 0x00000000f3d00000, 0x0000000100000000)
  eden space 370688K, 72% used [0x00000000d5580000,0x00000000e5aac7f0,0x00000000ebf80000)
  from space 52224K, 99% used [0x00000000ebf80000,0x00000000ef278b80,0x00000000ef280000)
  to   space 50176K, 0% used [0x00000000ef280000,0x00000000ef280000,0x00000000f2380000)
 ParOldGen       total 175616K, used 97257K [0x0000000080000000, 0x000000008ab80000, 0x00000000d5580000)
  object space 175616K, 55% used [0x0000000080000000,0x0000000085efa5c8,0x000000008ab80000)
 Metaspace       used 91680K, capacity 96088K, committed 98648K, reserved 1134592K
  class space    used 12001K, capacity 12804K, committed 13440K, reserved 1048576K
GC Heap History (10 events):
Event: 32.409 GC heap before
{Heap before GC invocations=17 (full 3):
 PSYoungGen      total 316928K, used 316910K [0x00000000d5580000, 0x00000000f2380000, 0x0000000100000000)
  eden space 294400K, 99% used [0x00000000d5580000,0x00000000e74ffef0,0x00000000e7500000)
  from space 22528K, 99% used [0x00000000e7500000,0x00000000e8afbc28,0x00000000e8b00000)
  to   space 50176K, 0% used [0x00000000ef280000,0x00000000ef280000,0x00000000f2380000)
 ParOldGen       total 175616K, used 112649K [0x0000000080000000, 0x000000008ab80000, 0x00000000d5580000)
  object space 175616K, 64% used [0x0000000080000000,0x0000000086e02518,0x000000008ab80000)
 Metaspace       used 86833K, capacity 92574K, committed 92888K, reserved 1128448K
  class space    used 11898K, capacity 12961K, committed 13056K, reserved 1048576K
Event: 32.494 GC heap after
Heap after GC invocations=17 (full 3):
 PSYoungGen      total 420864K, used 33841K [0x00000000d5580000, 0x00000000f3d00000, 0x0000000100000000)
  eden space 370688K, 0% used [0x00000000d5580000,0x00000000d5580000,0x00000000ebf80000)
  from space 50176K, 67% used [0x00000000ef280000,0x00000000f138c4a0,0x00000000f2380000)
  to   space 52224K, 0% used [0x00000000ebf80000,0x00000000ebf80000,0x00000000ef280000)
 ParOldGen       total 175616K, used 134676K [0x0000000080000000, 0x000000008ab80000, 0x00000000d5580000)
  object space 175616K, 76% used [0x0000000080000000,0x0000000088385100,0x000000008ab80000)
 Metaspace       used 86833K, capacity 92574K, committed 92888K, reserved 1128448K
  class space    used 11898K, capacity 12961K, committed 13056K, reserved 1048576K
}
Event: 36.113 GC heap before
{Heap before GC invocations=18 (full 3):
 PSYoungGen      total 420864K, used 404529K [0x00000000d5580000, 0x00000000f3d00000, 0x0000000100000000)
  eden space 370688K, 100% used [0x00000000d5580000,0x00000000ebf80000,0x00000000ebf80000)
  from space 50176K, 67% used [0x00000000ef280000,0x00000000f138c4a0,0x00000000f2380000)
  to   space 52224K, 0% used [0x00000000ebf80000,0x00000000ebf80000,0x00000000ef280000)
 ParOldGen       total 175616K, used 134676K [0x0000000080000000, 0x000000008ab80000, 0x00000000d5580000)
  object space 175616K, 76% used [0x0000000080000000,0x0000000088385100,0x000000008ab80000)
 Metaspace       used 90695K, capacity 96556K, committed 96728K, reserved 1132544K
  class space    used 12238K, capacity 13294K, committed 13312K, reserved 1048576K
Event: 36.164 GC heap after
Heap after GC invocations=18 (full 3):
 PSYoungGen      total 422912K, used 14693K [0x00000000d5580000, 0x00000000f3d00000, 0x0000000100000000)
  eden space 370688K, 0% used [0x00000000d5580000,0x00000000d5580000,0x00000000ebf80000)
  from space 52224K, 28% used [0x00000000ebf80000,0x00000000ecdd9688,0x00000000ef280000)
  to   space 50176K, 0% used [0x00000000ef280000,0x00000000ef280000,0x00000000f2380000)
 ParOldGen       total 175616K, used 162348K [0x0000000080000000, 0x000000008ab80000, 0x00000000d5580000)
  object space 175616K, 92% used [0x0000000080000000,0x0000000089e8b2f8,0x000000008ab80000)
 Metaspace       used 90695K, capacity 96556K, committed 96728K, reserved 1132544K
  class space    used 12238K, capacity 13294K, committed 13312K, reserved 1048576K
}
Event: 36.164 GC heap before
{Heap before GC invocations=19 (full 4):
 PSYoungGen      total 422912K, used 14693K [0x00000000d5580000, 0x00000000f3d00000, 0x0000000100000000)
  eden space 370688K, 0% used [0x00000000d5580000,0x00000000d5580000,0x00000000ebf80000)
  from space 52224K, 28% used [0x00000000ebf80000,0x00000000ecdd9688,0x00000000ef280000)
  to   space 50176K, 0% used [0x00000000ef280000,0x00000000ef280000,0x00000000f2380000)
 ParOldGen       total 175616K, used 162348K [0x0000000080000000, 0x000000008ab80000, 0x00000000d5580000)
  object space 175616K, 92% used [0x0000000080000000,0x0000000089e8b2f8,0x000000008ab80000)
 Metaspace       used 90695K, capacity 96556K, committed 96728K, reserved 1132544K
  class space    used 12238K, capacity 13294K, committed 13312K, reserved 1048576K
Event: 36.348 GC heap after
Heap after GC invocations=19 (full 4):
 PSYoungGen      total 422912K, used 0K [0x00000000d5580000, 0x00000000f3d00000, 0x0000000100000000)
  eden space 370688K, 0% used [0x00000000d5580000,0x00000000d5580000,0x00000000ebf80000)
  from space 52224K, 0% used [0x00000000ebf80000,0x00000000ebf80000,0x00000000ef280000)
  to   space 50176K, 0% used [0x00000000ef280000,0x00000000ef280000,0x00000000f2380000)
 ParOldGen       total 175616K, used 75291K [0x0000000080000000, 0x000000008ab80000, 0x00000000d5580000)
  object space 175616K, 42% used [0x0000000080000000,0x0000000084986ca0,0x000000008ab80000)
 Metaspace       used 89742K, capacity 94074K, committed 96728K, reserved 1132544K
  class space    used 11908K, capacity 12705K, committed 13312K, reserved 1048576K
}
Event: 52.007 GC heap before
{Heap before GC invocations=20 (full 4):
 PSYoungGen      total 422912K, used 370476K [0x00000000d5580000, 0x00000000f3d00000, 0x0000000100000000)
  eden space 370688K, 99% used [0x00000000d5580000,0x00000000ebf4b2c0,0x00000000ebf80000)
  from space 52224K, 0% used [0x00000000ebf80000,0x00000000ebf80000,0x00000000ef280000)
  to   space 50176K, 0% used [0x00000000ef280000,0x00000000ef280000,0x00000000f2380000)
 ParOldGen       total 175616K, used 75291K [0x0000000080000000, 0x000000008ab80000, 0x00000000d5580000)
  object space 175616K, 42% used [0x0000000080000000,0x0000000084986ca0,0x000000008ab80000)
 Metaspace       used 91441K, capacity 95852K, committed 98392K, reserved 1134592K
  class space    used 11997K, capacity 12800K, committed 13440K, reserved 1048576K
Event: 52.021 GC heap after
Heap after GC invocations=20 (full 4):
 PSYoungGen      total 420864K, used 17849K [0x00000000d5580000, 0x00000000f3d00000, 0x0000000100000000)
  eden space 370688K, 0% used [0x00000000d5580000,0x00000000d5580000,0x00000000ebf80000)
  from space 50176K, 35% used [0x00000000ef280000,0x00000000f03ee7b0,0x00000000f2380000)
  to   space 52224K, 0% used [0x00000000ebf80000,0x00000000ebf80000,0x00000000ef280000)
 ParOldGen       total 175616K, used 75299K [0x0000000080000000, 0x000000008ab80000, 0x00000000d5580000)
  object space 175616K, 42% used [0x0000000080000000,0x0000000084988ca0,0x000000008ab80000)
 Metaspace       used 91441K, capacity 95852K, committed 98392K, reserved 1134592K
  class space    used 11997K, capacity 12800K, committed 13440K, reserved 1048576K
}
Event: 52.888 GC heap before
{Heap before GC invocations=21 (full 4):
 PSYoungGen      total 420864K, used 388537K [0x00000000d5580000, 0x00000000f3d00000, 0x0000000100000000)
  eden space 370688K, 100% used [0x00000000d5580000,0x00000000ebf80000,0x00000000ebf80000)
  from space 50176K, 35% used [0x00000000ef280000,0x00000000f03ee7b0,0x00000000f2380000)
  to   space 52224K, 0% used [0x00000000ebf80000,0x00000000ebf80000,0x00000000ef280000)
 ParOldGen       total 175616K, used 75299K [0x0000000080000000, 0x000000008ab80000, 0x00000000d5580000)
  object space 175616K, 42% used [0x0000000080000000,0x0000000084988ca0,0x000000008ab80000)
 Metaspace       used 91606K, capacity 96002K, committed 98392K, reserved 1134592K
  class space    used 11997K, capacity 12801K, committed 13440K, reserved 1048576K
Event: 53.005 GC heap after
Heap after GC invocations=21 (full 4):
 PSYoungGen      total 422912K, used 52194K [0x00000000d5580000, 0x00000000f3d00000, 0x0000000100000000)
  eden space 370688K, 0% used [0x00000000d5580000,0x00000000d5580000,0x00000000ebf80000)
  from space 52224K, 99% used [0x00000000ebf80000,0x00000000ef278b80,0x00000000ef280000)
  to   space 50176K, 0% used [0x00000000ef280000,0x00000000ef280000,0x00000000f2380000)
 ParOldGen       total 175616K, used 97257K [0x0000000080000000, 0x000000008ab80000, 0x00000000d5580000)
  object space 175616K, 55% used [0x0000000080000000,0x0000000085efa5c8,0x000000008ab80000)
 Metaspace       used 91606K, capacity 96002K, committed 98392K, reserved 1134592K
  class space    used 11997K, capacity 12801K, committed 13440K, reserved 1048576K
}

